┏━━━━━━━━━━━━━━━━━━━━━━━━━━━━━━━━━━━━━━━━━━━━━━━━━━━━┓
┃ 🚀 自动化高精度对账系统  [2026-05-01 11:13:36] ┃
┣━━━━━━━━━━━━━━━━━━━━━━━━━━━━━━━━━━━━━━━━━━━━━━━━━━━━┫
┃ 📊 全局统计: 读取 93 | 保留 91 | 拦截 2
┣━━━━━━━━━━━━━━━━━━━━━━━━━━━━━━━━━━━━━━━━━━━━━━━━━━━━┫
┃ ⚠️ 深度重复审计清单 (精确位置追踪):
┃ 📍 重复地址: [fn.130519.xyz]
┃   ┣ 💎 最终保留于: max.txt 第 61 行
┃   ┣ 📥 原始出处: cf.090227.xyz.txt 第 26 行
┃   ┗ ❌ 冲突位置: vps789.com.txt 第 24 行
┃
┃ 📍 重复地址: [cf.tencentapp.cn]
┃   ┣ 💎 最终保留于: max.txt 第 69 行
┃   ┣ 📥 原始出处: cf.090227.xyz.txt 第 10 行
┃   ┗ ❌ 冲突位置: vps789.com.txt 第 28 行
┃
┣━━━━━━━━━━━━━━━━━━━━━━━━━━━━━━━━━━━━━━━━━━━━━━━━━━━━┫
┃ 📂 来源分布详情:
┃ ┣ cf.090227.xyz.txt: 读取  49 | 有效  49 | 重复   0
┃ ┣ vps789.com.txt : 读取  35 | 有效  33 | 重复   2
┃ ┣ cf-speed-dns.txt: 读取   9 | 有效   9 | 重复   0
┗━━━━━━━━━━━━━━━━━━━━━━━━━━━━━━━━━━━━━━━━━━━━━━━━━━━━┛
