任务开始时间：2026-04-29 15:06:45
任务结束时间：2026-04-29 15:06:47
--------------------------
节点总数：161
保留数量：144
丢弃数量：17
存活率：89.44%
--------------------------

[丢弃清单]
155.248.181.189:443#🇯🇵 日本 | 小日本子
69.63.220.89:443#🇺🇸 美国 | 大漂亮国
[2606:4700:8dec:822f:8e0d:b0bd:2060:85ce]:443#IPV6 | 移动
[2606:4700:83bd:9719:5c2f:bdaa:246a:56e3]:443#IPV6 | 移动
[2606:4700:8dec:84e4:7f5b:7f24:e1c0:10f2]:443#IPV6 | 移动
[2606:4700:9b0f:e46c:89:b87a:6b0b:e290]:443#IPV6 | 移动
[2606:4700:e:8a9c:66d8:ea8d:4b6f:da6c]:443#IPV6 | 移动
[2606:4700:5c::eecf:6d89]:443#🇺🇸 美国 | IPV6 | 移动
[2606:4700:3035::24d4:7ac0]:443#🇺🇸 美国 | IPV6 | 移动
[2606:4700:3034::232c:1e42]:443#🇺🇸 美国 | IPV6 | 移动
[2606:4700:29::ba37:6dd2]:443#🇺🇸 美国 | IPV6 | 移动
[2606:4700:139::9cb4:9e85]:443#🇺🇸 美国 | IPV6 | 移动
[2803:f800:54::aef2:8b3c]:443#🇸🇬 新加坡 | IPV6 | 电信
[2606:4700:4404::5710:95ca]:443#🇸🇬 新加坡 | IPV6 | 电信
[2606:4700:4400::f240:cde]:443#🇸🇬 新加坡 | IPV6 | 电信
[2a06:98c1:310b::43e9:5424]:443#🇸🇬 新加坡 | IPV6 | 电信
162.159.37.183#电信